[debug] [2023-11-10T15:27:55.951Z] ----------------------------------------------------------------------
[debug] [2023-11-10T15:27:55.953Z] Command:       /opt/homebrew/Cellar/node/21.1.0/bin/node /Users/antonklock/.npm-global/bin/firebase init hosting
[debug] [2023-11-10T15:27:55.953Z] CLI Version:   12.8.1
[debug] [2023-11-10T15:27:55.953Z] Platform:      darwin
[debug] [2023-11-10T15:27:55.953Z] Node Version:  v21.1.0
[debug] [2023-11-10T15:27:55.953Z] Time:          Fri Nov 10 2023 16:27:55 GMT+0100 (GMT+01:00)
[debug] [2023-11-10T15:27:55.953Z] ----------------------------------------------------------------------
[debug] 
[debug] [2023-11-10T15:27:55.985Z] > command requires scopes: ["email","openid","https://www.googleapis.com/auth/cloudplatformprojects.readonly","https://www.googleapis.com/auth/firebase","https://www.googleapis.com/auth/cloud-platform"]
[debug] [2023-11-10T15:27:55.985Z] > authorizing via signed-in user (anton@klockworks.studio)
[info] 
     ######## #### ########  ######## ########     ###     ######  ########
     ##        ##  ##     ## ##       ##     ##  ##   ##  ##       ##
     ######    ##  ########  ######   ########  #########  ######  ######
     ##        ##  ##    ##  ##       ##     ## ##     ##       ## ##
     ##       #### ##     ## ######## ########  ##     ##  ######  ########

You're about to initialize a Firebase project in this directory:

  /Users/antonklock/Documents/Projects/Workbench/Code/kw-video-maker

Before we get started, keep in mind:

  * You are initializing within an existing Firebase project directory

[info] 
=== Project Setup
[info] 
[info] First, let's associate this project directory with a Firebase project.
[info] You can create multiple project aliases by running firebase use --add, 
[info] but for now we'll just set up a default project.
[info] 
[debug] [2023-11-10T15:27:55.986Z] Using project from CLI flag: kw-video-tools
[debug] [2023-11-10T15:27:55.988Z] >>> [apiv2][query] GET https://firebase.googleapis.com/v1beta1/projects/kw-video-tools [none]
[debug] [2023-11-10T15:27:56.408Z] <<< [apiv2][status] GET https://firebase.googleapis.com/v1beta1/projects/kw-video-tools 200
[debug] [2023-11-10T15:27:56.408Z] <<< [apiv2][body] GET https://firebase.googleapis.com/v1beta1/projects/kw-video-tools {"projectId":"kw-video-tools","projectNumber":"813551067801","displayName":"kw-video-tools","name":"projects/kw-video-tools","resources":{"hostingSite":"kw-video-tools"},"state":"ACTIVE","etag":"1_ad5e3dac-211e-4e50-8420-8c597b158c47"}
[info] i  Using project kw-video-tools (kw-video-tools) 
[info] 
=== Hosting Setup
[info] 
[info] Your public directory is the folder (relative to your project directory) that
[info] will contain Hosting assets to be uploaded with firebase deploy. If you
[info] have a build process for your assets, use your build's output directory.
[info] 
